Backup script started at Monday 16 September 2024 05:00:01 PM IST
mysqldump: [Warning] Using a password on the command line interface can be insecure.
mysqldump: Got error: 1045: Access denied for user 'root'@'localhost' (using password: YES) when trying to connect
Backup for container firefly_iii_db completed and stored in /media/hanisntsolo/WDBlue_ssd_hanis/docker/volumes/jupyter/notebooks/jupyter-lab/db_backup/firefly_iii_db_2024-09-16_17:00:01.sql.
mysqldump: [Warning] Using a password on the command line interface can be insecure.
Backup for container jupyter_db completed and stored in /media/hanisntsolo/WDBlue_ssd_hanis/docker/volumes/jupyter/notebooks/jupyter-lab/db_backup/jupyter_db_2024-09-16_17:00:02.sql.
Old backups older than 30 days have been deleted.
Backup script started at Monday 16 September 2024 06:00:01 PM IST
mysqldump: [Warning] Using a password on the command line interface can be insecure.
mysqldump: Got error: 1045: Access denied for user 'root'@'localhost' (using password: YES) when trying to connect
Backup for container firefly_iii_db completed and stored in /media/hanisntsolo/WDBlue_ssd_hanis/docker/volumes/jupyter/notebooks/jupyter-lab/db_backup/firefly_iii_db_2024-09-16_18:00:01.sql.
mysqldump: [Warning] Using a password on the command line interface can be insecure.
Backup for container jupyter_db completed and stored in /media/hanisntsolo/WDBlue_ssd_hanis/docker/volumes/jupyter/notebooks/jupyter-lab/db_backup/jupyter_db_2024-09-16_18:00:01.sql.
Old backups older than 30 days have been deleted.
Backup script started at Monday 16 September 2024 07:00:01 PM IST
mysqldump: [Warning] Using a password on the command line interface can be insecure.
mysqldump: Got error: 1045: Access denied for user 'root'@'localhost' (using password: YES) when trying to connect
Backup for container firefly_iii_db completed and stored in /media/hanisntsolo/WDBlue_ssd_hanis/docker/volumes/jupyter/notebooks/jupyter-lab/db_backup/firefly_iii_db_2024-09-16_19:00:01.sql.
mysqldump: [Warning] Using a password on the command line interface can be insecure.
Backup for container jupyter_db completed and stored in /media/hanisntsolo/WDBlue_ssd_hanis/docker/volumes/jupyter/notebooks/jupyter-lab/db_backup/jupyter_db_2024-09-16_19:00:01.sql.
Old backups older than 30 days have been deleted.
Backup script started at Monday 16 September 2024 08:00:02 PM IST
mysqldump: [Warning] Using a password on the command line interface can be insecure.
mysqldump: Got error: 1045: Access denied for user 'root'@'localhost' (using password: YES) when trying to connect
Backup for container firefly_iii_db completed and stored in /media/hanisntsolo/WDBlue_ssd_hanis/docker/volumes/jupyter/notebooks/jupyter-lab/db_backup/firefly_iii_db_2024-09-16_20:00:02.sql.
mysqldump: [Warning] Using a password on the command line interface can be insecure.
Backup for container jupyter_db completed and stored in /media/hanisntsolo/WDBlue_ssd_hanis/docker/volumes/jupyter/notebooks/jupyter-lab/db_backup/jupyter_db_2024-09-16_20:00:02.sql.
Old backups older than 30 days have been deleted.
Backup script started at Monday 16 September 2024 09:00:01 PM IST
mysqldump: [Warning] Using a password on the command line interface can be insecure.
mysqldump: Got error: 1045: Access denied for user 'root'@'localhost' (using password: YES) when trying to connect
Backup for container firefly_iii_db completed and stored in /media/hanisntsolo/WDBlue_ssd_hanis/docker/volumes/jupyter/notebooks/jupyter-lab/db_backup/firefly_iii_db_2024-09-16_21:00:01.sql.
mysqldump: [Warning] Using a password on the command line interface can be insecure.
Backup for container jupyter_db completed and stored in /media/hanisntsolo/WDBlue_ssd_hanis/docker/volumes/jupyter/notebooks/jupyter-lab/db_backup/jupyter_db_2024-09-16_21:00:01.sql.
Old backups older than 30 days have been deleted.
Backup script started at Monday 16 September 2024 10:00:02 PM IST
mysqldump: [Warning] Using a password on the command line interface can be insecure.
mysqldump: Got error: 1045: Access denied for user 'root'@'localhost' (using password: YES) when trying to connect
Backup for container firefly_iii_db completed and stored in /media/hanisntsolo/WDBlue_ssd_hanis/docker/volumes/jupyter/notebooks/jupyter-lab/db_backup/firefly_iii_db_2024-09-16_22:00:02.sql.
mysqldump: [Warning] Using a password on the command line interface can be insecure.
Backup for container jupyter_db completed and stored in /media/hanisntsolo/WDBlue_ssd_hanis/docker/volumes/jupyter/notebooks/jupyter-lab/db_backup/jupyter_db_2024-09-16_22:00:02.sql.
Old backups older than 30 days have been deleted.
Backup script started at Monday 16 September 2024 11:00:01 PM IST
mysqldump: [Warning] Using a password on the command line interface can be insecure.
mysqldump: Got error: 1045: Access denied for user 'root'@'localhost' (using password: YES) when trying to connect
Backup for container firefly_iii_db completed and stored in /media/hanisntsolo/WDBlue_ssd_hanis/docker/volumes/jupyter/notebooks/jupyter-lab/db_backup/firefly_iii_db_2024-09-16_23:00:01.sql.
mysqldump: [Warning] Using a password on the command line interface can be insecure.
Backup for container jupyter_db completed and stored in /media/hanisntsolo/WDBlue_ssd_hanis/docker/volumes/jupyter/notebooks/jupyter-lab/db_backup/jupyter_db_2024-09-16_23:00:02.sql.
Old backups older than 30 days have been deleted.
Backup script started at Tuesday 17 September 2024 12:00:01 AM IST
mysqldump: [Warning] Using a password on the command line interface can be insecure.
mysqldump: Got error: 1045: Access denied for user 'root'@'localhost' (using password: YES) when trying to connect
Backup for container firefly_iii_db completed and stored in /media/hanisntsolo/WDBlue_ssd_hanis/docker/volumes/jupyter/notebooks/jupyter-lab/db_backup/firefly_iii_db_2024-09-17_00:00:01.sql.
mysqldump: [Warning] Using a password on the command line interface can be insecure.
Backup for container jupyter_db completed and stored in /media/hanisntsolo/WDBlue_ssd_hanis/docker/volumes/jupyter/notebooks/jupyter-lab/db_backup/jupyter_db_2024-09-17_00:00:01.sql.
Old backups older than 30 days have been deleted.
Backup script started at Tuesday 17 September 2024 01:00:01 AM IST
mysqldump: [Warning] Using a password on the command line interface can be insecure.
mysqldump: Got error: 1045: Access denied for user 'root'@'localhost' (using password: YES) when trying to connect
Backup for container firefly_iii_db completed and stored in /media/hanisntsolo/WDBlue_ssd_hanis/docker/volumes/jupyter/notebooks/jupyter-lab/db_backup/firefly_iii_db_2024-09-17_01:00:01.sql.
mysqldump: [Warning] Using a password on the command line interface can be insecure.
Backup for container jupyter_db completed and stored in /media/hanisntsolo/WDBlue_ssd_hanis/docker/volumes/jupyter/notebooks/jupyter-lab/db_backup/jupyter_db_2024-09-17_01:00:02.sql.
Old backups older than 30 days have been deleted.
Backup script started at Tuesday 17 September 2024 02:00:01 AM IST
mysqldump: [Warning] Using a password on the command line interface can be insecure.
mysqldump: Got error: 1045: Access denied for user 'root'@'localhost' (using password: YES) when trying to connect
Backup for container firefly_iii_db completed and stored in /media/hanisntsolo/WDBlue_ssd_hanis/docker/volumes/jupyter/notebooks/jupyter-lab/db_backup/firefly_iii_db_2024-09-17_02:00:01.sql.
mysqldump: [Warning] Using a password on the command line interface can be insecure.
Backup for container jupyter_db completed and stored in /media/hanisntsolo/WDBlue_ssd_hanis/docker/volumes/jupyter/notebooks/jupyter-lab/db_backup/jupyter_db_2024-09-17_02:00:01.sql.
Old backups older than 30 days have been deleted.
Backup script started at Tuesday 17 September 2024 03:00:01 AM IST
mysqldump: [Warning] Using a password on the command line interface can be insecure.
mysqldump: Got error: 1045: Access denied for user 'root'@'localhost' (using password: YES) when trying to connect
Backup for container firefly_iii_db completed and stored in /media/hanisntsolo/WDBlue_ssd_hanis/docker/volumes/jupyter/notebooks/jupyter-lab/db_backup/firefly_iii_db_2024-09-17_03:00:01.sql.
mysqldump: [Warning] Using a password on the command line interface can be insecure.
Backup for container jupyter_db completed and stored in /media/hanisntsolo/WDBlue_ssd_hanis/docker/volumes/jupyter/notebooks/jupyter-lab/db_backup/jupyter_db_2024-09-17_03:00:01.sql.
Old backups older than 30 days have been deleted.
Backup script started at Tuesday 17 September 2024 04:00:01 AM IST
mysqldump: [Warning] Using a password on the command line interface can be insecure.
mysqldump: Got error: 1045: Access denied for user 'root'@'localhost' (using password: YES) when trying to connect
Backup for container firefly_iii_db completed and stored in /media/hanisntsolo/WDBlue_ssd_hanis/docker/volumes/jupyter/notebooks/jupyter-lab/db_backup/firefly_iii_db_2024-09-17_04:00:01.sql.
mysqldump: [Warning] Using a password on the command line interface can be insecure.
Backup for container jupyter_db completed and stored in /media/hanisntsolo/WDBlue_ssd_hanis/docker/volumes/jupyter/notebooks/jupyter-lab/db_backup/jupyter_db_2024-09-17_04:00:01.sql.
Old backups older than 30 days have been deleted.
Backup script started at Tuesday 17 September 2024 05:00:01 AM IST
mysqldump: [Warning] Using a password on the command line interface can be insecure.
mysqldump: Got error: 1045: Access denied for user 'root'@'localhost' (using password: YES) when trying to connect
Backup for container firefly_iii_db completed and stored in /media/hanisntsolo/WDBlue_ssd_hanis/docker/volumes/jupyter/notebooks/jupyter-lab/db_backup/firefly_iii_db_2024-09-17_05:00:01.sql.
mysqldump: [Warning] Using a password on the command line interface can be insecure.
Backup for container jupyter_db completed and stored in /media/hanisntsolo/WDBlue_ssd_hanis/docker/volumes/jupyter/notebooks/jupyter-lab/db_backup/jupyter_db_2024-09-17_05:00:01.sql.
Old backups older than 30 days have been deleted.
Backup script started at Tuesday 17 September 2024 06:00:01 AM IST
mysqldump: [Warning] Using a password on the command line interface can be insecure.
mysqldump: Got error: 1045: Access denied for user 'root'@'localhost' (using password: YES) when trying to connect
Backup for container firefly_iii_db completed and stored in /media/hanisntsolo/WDBlue_ssd_hanis/docker/volumes/jupyter/notebooks/jupyter-lab/db_backup/firefly_iii_db_2024-09-17_06:00:01.sql.
mysqldump: [Warning] Using a password on the command line interface can be insecure.
Backup for container jupyter_db completed and stored in /media/hanisntsolo/WDBlue_ssd_hanis/docker/volumes/jupyter/notebooks/jupyter-lab/db_backup/jupyter_db_2024-09-17_06:00:01.sql.
Old backups older than 30 days have been deleted.
Backup script started at Tuesday 17 September 2024 07:00:01 AM IST
mysqldump: [Warning] Using a password on the command line interface can be insecure.
mysqldump: Got error: 1045: Access denied for user 'root'@'localhost' (using password: YES) when trying to connect
Backup for container firefly_iii_db completed and stored in /media/hanisntsolo/WDBlue_ssd_hanis/docker/volumes/jupyter/notebooks/jupyter-lab/db_backup/firefly_iii_db_2024-09-17_07:00:01.sql.
mysqldump: [Warning] Using a password on the command line interface can be insecure.
Backup for container jupyter_db completed and stored in /media/hanisntsolo/WDBlue_ssd_hanis/docker/volumes/jupyter/notebooks/jupyter-lab/db_backup/jupyter_db_2024-09-17_07:00:01.sql.
Old backups older than 30 days have been deleted.
Backup script started at Tuesday 17 September 2024 08:00:01 AM IST
mysqldump: [Warning] Using a password on the command line interface can be insecure.
mysqldump: Got error: 1045: Access denied for user 'root'@'localhost' (using password: YES) when trying to connect
Backup for container firefly_iii_db completed and stored in /media/hanisntsolo/WDBlue_ssd_hanis/docker/volumes/jupyter/notebooks/jupyter-lab/db_backup/firefly_iii_db_2024-09-17_08:00:02.sql.
mysqldump: [Warning] Using a password on the command line interface can be insecure.
Backup for container jupyter_db completed and stored in /media/hanisntsolo/WDBlue_ssd_hanis/docker/volumes/jupyter/notebooks/jupyter-lab/db_backup/jupyter_db_2024-09-17_08:00:02.sql.
Old backups older than 30 days have been deleted.
Backup script started at Tuesday 17 September 2024 09:00:01 AM IST
mysqldump: [Warning] Using a password on the command line interface can be insecure.
mysqldump: Got error: 1045: Access denied for user 'root'@'localhost' (using password: YES) when trying to connect
Backup for container firefly_iii_db completed and stored in /media/hanisntsolo/WDBlue_ssd_hanis/docker/volumes/jupyter/notebooks/jupyter-lab/db_backup/firefly_iii_db_2024-09-17_09:00:01.sql.
mysqldump: [Warning] Using a password on the command line interface can be insecure.
Backup for container jupyter_db completed and stored in /media/hanisntsolo/WDBlue_ssd_hanis/docker/volumes/jupyter/notebooks/jupyter-lab/db_backup/jupyter_db_2024-09-17_09:00:01.sql.
Old backups older than 30 days have been deleted.
Backup script started at Tuesday 17 September 2024 10:00:01 AM IST
mysqldump: [Warning] Using a password on the command line interface can be insecure.
mysqldump: Got error: 1045: Access denied for user 'root'@'localhost' (using password: YES) when trying to connect
Backup for container firefly_iii_db completed and stored in /media/hanisntsolo/WDBlue_ssd_hanis/docker/volumes/jupyter/notebooks/jupyter-lab/db_backup/firefly_iii_db_2024-09-17_10:00:02.sql.
mysqldump: [Warning] Using a password on the command line interface can be insecure.
Backup for container jupyter_db completed and stored in /media/hanisntsolo/WDBlue_ssd_hanis/docker/volumes/jupyter/notebooks/jupyter-lab/db_backup/jupyter_db_2024-09-17_10:00:02.sql.
Old backups older than 30 days have been deleted.
Backup script started at Tuesday 17 September 2024 11:00:01 AM IST
mysqldump: [Warning] Using a password on the command line interface can be insecure.
mysqldump: Got error: 1045: Access denied for user 'root'@'localhost' (using password: YES) when trying to connect
Backup for container firefly_iii_db completed and stored in /media/hanisntsolo/WDBlue_ssd_hanis/docker/volumes/jupyter/notebooks/jupyter-lab/db_backup/firefly_iii_db_2024-09-17_11:00:01.sql.
mysqldump: [Warning] Using a password on the command line interface can be insecure.
Backup for container jupyter_db completed and stored in /media/hanisntsolo/WDBlue_ssd_hanis/docker/volumes/jupyter/notebooks/jupyter-lab/db_backup/jupyter_db_2024-09-17_11:00:01.sql.
Old backups older than 30 days have been deleted.
Backup script started at Tuesday 17 September 2024 12:00:01 PM IST
mysqldump: [Warning] Using a password on the command line interface can be insecure.
mysqldump: Got error: 1045: Access denied for user 'root'@'localhost' (using password: YES) when trying to connect
Backup for container firefly_iii_db completed and stored in /media/hanisntsolo/WDBlue_ssd_hanis/docker/volumes/jupyter/notebooks/jupyter-lab/db_backup/firefly_iii_db_2024-09-17_12:00:01.sql.
mysqldump: [Warning] Using a password on the command line interface can be insecure.
Backup for container jupyter_db completed and stored in /media/hanisntsolo/WDBlue_ssd_hanis/docker/volumes/jupyter/notebooks/jupyter-lab/db_backup/jupyter_db_2024-09-17_12:00:01.sql.
Old backups older than 30 days have been deleted.
Backup script started at Tuesday 17 September 2024 01:00:01 PM IST
mysqldump: [Warning] Using a password on the command line interface can be insecure.
mysqldump: Got error: 1045: Access denied for user 'root'@'localhost' (using password: YES) when trying to connect
Backup for container firefly_iii_db completed and stored in /media/hanisntsolo/WDBlue_ssd_hanis/docker/volumes/jupyter/notebooks/jupyter-lab/db_backup/firefly_iii_db_2024-09-17_13:00:01.sql.
mysqldump: [Warning] Using a password on the command line interface can be insecure.
Backup for container jupyter_db completed and stored in /media/hanisntsolo/WDBlue_ssd_hanis/docker/volumes/jupyter/notebooks/jupyter-lab/db_backup/jupyter_db_2024-09-17_13:00:01.sql.
Old backups older than 30 days have been deleted.
Backup script started at Tuesday 17 September 2024 02:00:01 PM IST
mysqldump: [Warning] Using a password on the command line interface can be insecure.
mysqldump: Got error: 1045: Access denied for user 'root'@'localhost' (using password: YES) when trying to connect
Backup for container firefly_iii_db completed and stored in /media/hanisntsolo/WDBlue_ssd_hanis/docker/volumes/jupyter/notebooks/jupyter-lab/db_backup/firefly_iii_db_2024-09-17_14:00:01.sql.
mysqldump: [Warning] Using a password on the command line interface can be insecure.
Backup for container jupyter_db completed and stored in /media/hanisntsolo/WDBlue_ssd_hanis/docker/volumes/jupyter/notebooks/jupyter-lab/db_backup/jupyter_db_2024-09-17_14:00:01.sql.
Old backups older than 30 days have been deleted.
Backup script started at Tuesday 17 September 2024 03:00:01 PM IST
mysqldump: [Warning] Using a password on the command line interface can be insecure.
mysqldump: Got error: 1045: Access denied for user 'root'@'localhost' (using password: YES) when trying to connect
Backup for container firefly_iii_db completed and stored in /media/hanisntsolo/WDBlue_ssd_hanis/docker/volumes/jupyter/notebooks/jupyter-lab/db_backup/firefly_iii_db_2024-09-17_15:00:01.sql.
mysqldump: [Warning] Using a password on the command line interface can be insecure.
Backup for container jupyter_db completed and stored in /media/hanisntsolo/WDBlue_ssd_hanis/docker/volumes/jupyter/notebooks/jupyter-lab/db_backup/jupyter_db_2024-09-17_15:00:01.sql.
Old backups older than 30 days have been deleted.
Backup script started at Tuesday 17 September 2024 04:00:01 PM IST
mysqldump: [Warning] Using a password on the command line interface can be insecure.
mysqldump: Got error: 1045: Access denied for user 'root'@'localhost' (using password: YES) when trying to connect
Backup for container firefly_iii_db completed and stored in /media/hanisntsolo/WDBlue_ssd_hanis/docker/volumes/jupyter/notebooks/jupyter-lab/db_backup/firefly_iii_db_2024-09-17_16:00:01.sql.
mysqldump: [Warning] Using a password on the command line interface can be insecure.
Backup for container jupyter_db completed and stored in /media/hanisntsolo/WDBlue_ssd_hanis/docker/volumes/jupyter/notebooks/jupyter-lab/db_backup/jupyter_db_2024-09-17_16:00:01.sql.
Old backups older than 30 days have been deleted.
Backup script started at Tuesday 17 September 2024 05:00:01 PM IST
mysqldump: [Warning] Using a password on the command line interface can be insecure.
mysqldump: Got error: 1045: Access denied for user 'root'@'localhost' (using password: YES) when trying to connect
Backup for container firefly_iii_db completed and stored in /media/hanisntsolo/WDBlue_ssd_hanis/docker/volumes/jupyter/notebooks/jupyter-lab/db_backup/firefly_iii_db_2024-09-17_17:00:01.sql.
mysqldump: [Warning] Using a password on the command line interface can be insecure.
Backup for container jupyter_db completed and stored in /media/hanisntsolo/WDBlue_ssd_hanis/docker/volumes/jupyter/notebooks/jupyter-lab/db_backup/jupyter_db_2024-09-17_17:00:01.sql.
Old backups older than 30 days have been deleted.
Backup script started at Tuesday 17 September 2024 06:00:01 PM IST
mysqldump: [Warning] Using a password on the command line interface can be insecure.
mysqldump: Got error: 1045: Access denied for user 'root'@'localhost' (using password: YES) when trying to connect
Backup for container firefly_iii_db completed and stored in /media/hanisntsolo/WDBlue_ssd_hanis/docker/volumes/jupyter/notebooks/jupyter-lab/db_backup/firefly_iii_db_2024-09-17_18:00:01.sql.
mysqldump: [Warning] Using a password on the command line interface can be insecure.
Backup for container jupyter_db completed and stored in /media/hanisntsolo/WDBlue_ssd_hanis/docker/volumes/jupyter/notebooks/jupyter-lab/db_backup/jupyter_db_2024-09-17_18:00:01.sql.
Old backups older than 30 days have been deleted.
Backup script started at Tuesday 17 September 2024 07:00:01 PM IST
mysqldump: [Warning] Using a password on the command line interface can be insecure.
mysqldump: Got error: 1045: Access denied for user 'root'@'localhost' (using password: YES) when trying to connect
Backup for container firefly_iii_db completed and stored in /media/hanisntsolo/WDBlue_ssd_hanis/docker/volumes/jupyter/notebooks/jupyter-lab/db_backup/firefly_iii_db_2024-09-17_19:00:01.sql.
mysqldump: [Warning] Using a password on the command line interface can be insecure.
Backup for container jupyter_db completed and stored in /media/hanisntsolo/WDBlue_ssd_hanis/docker/volumes/jupyter/notebooks/jupyter-lab/db_backup/jupyter_db_2024-09-17_19:00:01.sql.
Old backups older than 30 days have been deleted.
Backup script started at Tuesday 17 September 2024 08:00:01 PM IST
mysqldump: [Warning] Using a password on the command line interface can be insecure.
mysqldump: Got error: 1045: Access denied for user 'root'@'localhost' (using password: YES) when trying to connect
Backup for container firefly_iii_db completed and stored in /media/hanisntsolo/WDBlue_ssd_hanis/docker/volumes/jupyter/notebooks/jupyter-lab/db_backup/firefly_iii_db_2024-09-17_20:00:01.sql.
mysqldump: [Warning] Using a password on the command line interface can be insecure.
Backup for container jupyter_db completed and stored in /media/hanisntsolo/WDBlue_ssd_hanis/docker/volumes/jupyter/notebooks/jupyter-lab/db_backup/jupyter_db_2024-09-17_20:00:02.sql.
Old backups older than 30 days have been deleted.
Backup script started at Tuesday 17 September 2024 09:00:01 PM IST
mysqldump: [Warning] Using a password on the command line interface can be insecure.
mysqldump: Got error: 1045: Access denied for user 'root'@'localhost' (using password: YES) when trying to connect
Backup for container firefly_iii_db completed and stored in /media/hanisntsolo/WDBlue_ssd_hanis/docker/volumes/jupyter/notebooks/jupyter-lab/db_backup/firefly_iii_db_2024-09-17_21:00:01.sql.
mysqldump: [Warning] Using a password on the command line interface can be insecure.
Backup for container jupyter_db completed and stored in /media/hanisntsolo/WDBlue_ssd_hanis/docker/volumes/jupyter/notebooks/jupyter-lab/db_backup/jupyter_db_2024-09-17_21:00:02.sql.
Old backups older than 30 days have been deleted.
Backup script started at Tuesday 17 September 2024 10:00:01 PM IST
mysqldump: [Warning] Using a password on the command line interface can be insecure.
mysqldump: Got error: 1045: Access denied for user 'root'@'localhost' (using password: YES) when trying to connect
Backup for container firefly_iii_db completed and stored in /media/hanisntsolo/WDBlue_ssd_hanis/docker/volumes/jupyter/notebooks/jupyter-lab/db_backup/firefly_iii_db_2024-09-17_22:00:01.sql.
mysqldump: [Warning] Using a password on the command line interface can be insecure.
Backup for container jupyter_db completed and stored in /media/hanisntsolo/WDBlue_ssd_hanis/docker/volumes/jupyter/notebooks/jupyter-lab/db_backup/jupyter_db_2024-09-17_22:00:01.sql.
Old backups older than 30 days have been deleted.
Backup script started at Tuesday 17 September 2024 11:00:01 PM IST
mysqldump: [Warning] Using a password on the command line interface can be insecure.
mysqldump: Got error: 1045: Access denied for user 'root'@'localhost' (using password: YES) when trying to connect
Backup for container firefly_iii_db completed and stored in /media/hanisntsolo/WDBlue_ssd_hanis/docker/volumes/jupyter/notebooks/jupyter-lab/db_backup/firefly_iii_db_2024-09-17_23:00:01.sql.
mysqldump: [Warning] Using a password on the command line interface can be insecure.
Backup for container jupyter_db completed and stored in /media/hanisntsolo/WDBlue_ssd_hanis/docker/volumes/jupyter/notebooks/jupyter-lab/db_backup/jupyter_db_2024-09-17_23:00:01.sql.
Old backups older than 30 days have been deleted.
Backup script started at Wednesday 18 September 2024 12:00:01 AM IST
mysqldump: [Warning] Using a password on the command line interface can be insecure.
mysqldump: Got error: 1045: Access denied for user 'root'@'localhost' (using password: YES) when trying to connect
Backup for container firefly_iii_db completed and stored in /media/hanisntsolo/WDBlue_ssd_hanis/docker/volumes/jupyter/notebooks/jupyter-lab/db_backup/firefly_iii_db_2024-09-18_00:00:01.sql.
mysqldump: [Warning] Using a password on the command line interface can be insecure.
Backup for container jupyter_db completed and stored in /media/hanisntsolo/WDBlue_ssd_hanis/docker/volumes/jupyter/notebooks/jupyter-lab/db_backup/jupyter_db_2024-09-18_00:00:01.sql.
Old backups older than 30 days have been deleted.
Backup script started at Wednesday 18 September 2024 01:00:01 AM IST
mysqldump: [Warning] Using a password on the command line interface can be insecure.
mysqldump: Got error: 1045: Access denied for user 'root'@'localhost' (using password: YES) when trying to connect
Backup for container firefly_iii_db completed and stored in /media/hanisntsolo/WDBlue_ssd_hanis/docker/volumes/jupyter/notebooks/jupyter-lab/db_backup/firefly_iii_db_2024-09-18_01:00:01.sql.
mysqldump: [Warning] Using a password on the command line interface can be insecure.
Backup for container jupyter_db completed and stored in /media/hanisntsolo/WDBlue_ssd_hanis/docker/volumes/jupyter/notebooks/jupyter-lab/db_backup/jupyter_db_2024-09-18_01:00:02.sql.
Old backups older than 30 days have been deleted.
Backup script started at Wednesday 18 September 2024 02:00:01 AM IST
mysqldump: [Warning] Using a password on the command line interface can be insecure.
mysqldump: Got error: 1045: Access denied for user 'root'@'localhost' (using password: YES) when trying to connect
Backup for container firefly_iii_db completed and stored in /media/hanisntsolo/WDBlue_ssd_hanis/docker/volumes/jupyter/notebooks/jupyter-lab/db_backup/firefly_iii_db_2024-09-18_02:00:01.sql.
mysqldump: [Warning] Using a password on the command line interface can be insecure.
Backup for container jupyter_db completed and stored in /media/hanisntsolo/WDBlue_ssd_hanis/docker/volumes/jupyter/notebooks/jupyter-lab/db_backup/jupyter_db_2024-09-18_02:00:01.sql.
Old backups older than 30 days have been deleted.
Backup script started at Wednesday 18 September 2024 03:00:01 AM IST
mysqldump: [Warning] Using a password on the command line interface can be insecure.
mysqldump: Got error: 1045: Access denied for user 'root'@'localhost' (using password: YES) when trying to connect
Backup for container firefly_iii_db completed and stored in /media/hanisntsolo/WDBlue_ssd_hanis/docker/volumes/jupyter/notebooks/jupyter-lab/db_backup/firefly_iii_db_2024-09-18_03:00:01.sql.
mysqldump: [Warning] Using a password on the command line interface can be insecure.
Backup for container jupyter_db completed and stored in /media/hanisntsolo/WDBlue_ssd_hanis/docker/volumes/jupyter/notebooks/jupyter-lab/db_backup/jupyter_db_2024-09-18_03:00:01.sql.
Old backups older than 30 days have been deleted.
Backup script started at Wednesday 18 September 2024 04:00:01 AM IST
mysqldump: [Warning] Using a password on the command line interface can be insecure.
mysqldump: Got error: 1045: Access denied for user 'root'@'localhost' (using password: YES) when trying to connect
Backup for container firefly_iii_db completed and stored in /media/hanisntsolo/WDBlue_ssd_hanis/docker/volumes/jupyter/notebooks/jupyter-lab/db_backup/firefly_iii_db_2024-09-18_04:00:01.sql.
mysqldump: [Warning] Using a password on the command line interface can be insecure.
Backup for container jupyter_db completed and stored in /media/hanisntsolo/WDBlue_ssd_hanis/docker/volumes/jupyter/notebooks/jupyter-lab/db_backup/jupyter_db_2024-09-18_04:00:01.sql.
Old backups older than 30 days have been deleted.
Backup script started at Wednesday 18 September 2024 05:00:01 AM IST
mysqldump: [Warning] Using a password on the command line interface can be insecure.
mysqldump: Got error: 1045: Access denied for user 'root'@'localhost' (using password: YES) when trying to connect
Backup for container firefly_iii_db completed and stored in /media/hanisntsolo/WDBlue_ssd_hanis/docker/volumes/jupyter/notebooks/jupyter-lab/db_backup/firefly_iii_db_2024-09-18_05:00:01.sql.
mysqldump: [Warning] Using a password on the command line interface can be insecure.
Backup for container jupyter_db completed and stored in /media/hanisntsolo/WDBlue_ssd_hanis/docker/volumes/jupyter/notebooks/jupyter-lab/db_backup/jupyter_db_2024-09-18_05:00:02.sql.
Old backups older than 30 days have been deleted.
Backup script started at Wednesday 18 September 2024 06:00:01 AM IST
mysqldump: [Warning] Using a password on the command line interface can be insecure.
mysqldump: Got error: 1045: Access denied for user 'root'@'localhost' (using password: YES) when trying to connect
Backup for container firefly_iii_db completed and stored in /media/hanisntsolo/WDBlue_ssd_hanis/docker/volumes/jupyter/notebooks/jupyter-lab/db_backup/firefly_iii_db_2024-09-18_06:00:01.sql.
mysqldump: [Warning] Using a password on the command line interface can be insecure.
Backup for container jupyter_db completed and stored in /media/hanisntsolo/WDBlue_ssd_hanis/docker/volumes/jupyter/notebooks/jupyter-lab/db_backup/jupyter_db_2024-09-18_06:00:01.sql.
Old backups older than 30 days have been deleted.
Backup script started at Wednesday 18 September 2024 07:00:01 AM IST
mysqldump: [Warning] Using a password on the command line interface can be insecure.
mysqldump: Got error: 1045: Access denied for user 'root'@'localhost' (using password: YES) when trying to connect
Backup for container firefly_iii_db completed and stored in /media/hanisntsolo/WDBlue_ssd_hanis/docker/volumes/jupyter/notebooks/jupyter-lab/db_backup/firefly_iii_db_2024-09-18_07:00:01.sql.
mysqldump: [Warning] Using a password on the command line interface can be insecure.
Backup for container jupyter_db completed and stored in /media/hanisntsolo/WDBlue_ssd_hanis/docker/volumes/jupyter/notebooks/jupyter-lab/db_backup/jupyter_db_2024-09-18_07:00:01.sql.
Old backups older than 30 days have been deleted.
Backup script started at Wednesday 18 September 2024 08:00:01 AM IST
mysqldump: [Warning] Using a password on the command line interface can be insecure.
mysqldump: Got error: 1045: Access denied for user 'root'@'localhost' (using password: YES) when trying to connect
Backup for container firefly_iii_db completed and stored in /media/hanisntsolo/WDBlue_ssd_hanis/docker/volumes/jupyter/notebooks/jupyter-lab/db_backup/firefly_iii_db_2024-09-18_08:00:01.sql.
mysqldump: [Warning] Using a password on the command line interface can be insecure.
Backup for container jupyter_db completed and stored in /media/hanisntsolo/WDBlue_ssd_hanis/docker/volumes/jupyter/notebooks/jupyter-lab/db_backup/jupyter_db_2024-09-18_08:00:01.sql.
Old backups older than 30 days have been deleted.
Backup script started at Wednesday 18 September 2024 09:00:01 AM IST
mysqldump: [Warning] Using a password on the command line interface can be insecure.
mysqldump: Got error: 1045: Access denied for user 'root'@'localhost' (using password: YES) when trying to connect
Backup for container firefly_iii_db completed and stored in /media/hanisntsolo/WDBlue_ssd_hanis/docker/volumes/jupyter/notebooks/jupyter-lab/db_backup/firefly_iii_db_2024-09-18_09:00:01.sql.
mysqldump: [Warning] Using a password on the command line interface can be insecure.
Backup for container jupyter_db completed and stored in /media/hanisntsolo/WDBlue_ssd_hanis/docker/volumes/jupyter/notebooks/jupyter-lab/db_backup/jupyter_db_2024-09-18_09:00:01.sql.
Old backups older than 30 days have been deleted.
Backup script started at Wednesday 18 September 2024 10:00:01 AM IST
mysqldump: [Warning] Using a password on the command line interface can be insecure.
mysqldump: Got error: 1045: Access denied for user 'root'@'localhost' (using password: YES) when trying to connect
Backup for container firefly_iii_db completed and stored in /media/hanisntsolo/WDBlue_ssd_hanis/docker/volumes/jupyter/notebooks/jupyter-lab/db_backup/firefly_iii_db_2024-09-18_10:00:01.sql.
mysqldump: [Warning] Using a password on the command line interface can be insecure.
Backup for container jupyter_db completed and stored in /media/hanisntsolo/WDBlue_ssd_hanis/docker/volumes/jupyter/notebooks/jupyter-lab/db_backup/jupyter_db_2024-09-18_10:00:01.sql.
Old backups older than 30 days have been deleted.
Backup script started at Wednesday 18 September 2024 06:00:01 PM IST
mysqldump: [Warning] Using a password on the command line interface can be insecure.
mysqldump: Got error: 1045: Access denied for user 'root'@'localhost' (using password: YES) when trying to connect
Backup for container firefly_iii_db completed and stored in /media/hanisntsolo/WDBlue_ssd_hanis/docker/volumes/jupyter/notebooks/jupyter-lab/db_backup/firefly_iii_db_2024-09-18_18:00:02.sql.
mysqldump: [Warning] Using a password on the command line interface can be insecure.
Backup for container jupyter_db completed and stored in /media/hanisntsolo/WDBlue_ssd_hanis/docker/volumes/jupyter/notebooks/jupyter-lab/db_backup/jupyter_db_2024-09-18_18:00:02.sql.
Old backups older than 30 days have been deleted.
Backup script started at Wednesday 18 September 2024 07:00:01 PM IST
mysqldump: [Warning] Using a password on the command line interface can be insecure.
mysqldump: Got error: 1045: Access denied for user 'root'@'localhost' (using password: YES) when trying to connect
Backup for container firefly_iii_db completed and stored in /media/hanisntsolo/WDBlue_ssd_hanis/docker/volumes/jupyter/notebooks/jupyter-lab/db_backup/firefly_iii_db_2024-09-18_19:00:01.sql.
mysqldump: [Warning] Using a password on the command line interface can be insecure.
Backup for container jupyter_db completed and stored in /media/hanisntsolo/WDBlue_ssd_hanis/docker/volumes/jupyter/notebooks/jupyter-lab/db_backup/jupyter_db_2024-09-18_19:00:01.sql.
Old backups older than 30 days have been deleted.
Backup script started at Wednesday 18 September 2024 08:00:01 PM IST
mysqldump: [Warning] Using a password on the command line interface can be insecure.
mysqldump: Got error: 1045: Access denied for user 'root'@'localhost' (using password: YES) when trying to connect
Backup for container firefly_iii_db completed and stored in /media/hanisntsolo/WDBlue_ssd_hanis/docker/volumes/jupyter/notebooks/jupyter-lab/db_backup/firefly_iii_db_2024-09-18_20:00:01.sql.
mysqldump: [Warning] Using a password on the command line interface can be insecure.
Backup for container jupyter_db completed and stored in /media/hanisntsolo/WDBlue_ssd_hanis/docker/volumes/jupyter/notebooks/jupyter-lab/db_backup/jupyter_db_2024-09-18_20:00:01.sql.
Old backups older than 30 days have been deleted.
Backup script started at Wednesday 18 September 2024 09:00:01 PM IST
mysqldump: [Warning] Using a password on the command line interface can be insecure.
mysqldump: Got error: 1045: Access denied for user 'root'@'localhost' (using password: YES) when trying to connect
Backup for container firefly_iii_db completed and stored in /media/hanisntsolo/WDBlue_ssd_hanis/docker/volumes/jupyter/notebooks/jupyter-lab/db_backup/firefly_iii_db_2024-09-18_21:00:01.sql.
mysqldump: [Warning] Using a password on the command line interface can be insecure.
Backup for container jupyter_db completed and stored in /media/hanisntsolo/WDBlue_ssd_hanis/docker/volumes/jupyter/notebooks/jupyter-lab/db_backup/jupyter_db_2024-09-18_21:00:01.sql.
Old backups older than 30 days have been deleted.
Backup script started at Wednesday 18 September 2024 10:00:01 PM IST
mysqldump: [Warning] Using a password on the command line interface can be insecure.
mysqldump: Got error: 1045: Access denied for user 'root'@'localhost' (using password: YES) when trying to connect
Backup for container firefly_iii_db completed and stored in /media/hanisntsolo/WDBlue_ssd_hanis/docker/volumes/jupyter/notebooks/jupyter-lab/db_backup/firefly_iii_db_2024-09-18_22:00:01.sql.
mysqldump: [Warning] Using a password on the command line interface can be insecure.
Backup for container jupyter_db completed and stored in /media/hanisntsolo/WDBlue_ssd_hanis/docker/volumes/jupyter/notebooks/jupyter-lab/db_backup/jupyter_db_2024-09-18_22:00:01.sql.
Old backups older than 30 days have been deleted.
Backup script started at Wednesday 18 September 2024 11:00:01 PM IST
mysqldump: [Warning] Using a password on the command line interface can be insecure.
mysqldump: Got error: 1045: Access denied for user 'root'@'localhost' (using password: YES) when trying to connect
Backup for container firefly_iii_db completed and stored in /media/hanisntsolo/WDBlue_ssd_hanis/docker/volumes/jupyter/notebooks/jupyter-lab/db_backup/firefly_iii_db_2024-09-18_23:00:01.sql.
mysqldump: [Warning] Using a password on the command line interface can be insecure.
Backup for container jupyter_db completed and stored in /media/hanisntsolo/WDBlue_ssd_hanis/docker/volumes/jupyter/notebooks/jupyter-lab/db_backup/jupyter_db_2024-09-18_23:00:01.sql.
Old backups older than 30 days have been deleted.
Backup script started at Thursday 19 September 2024 12:00:01 AM IST
mysqldump: [Warning] Using a password on the command line interface can be insecure.
mysqldump: Got error: 1045: Access denied for user 'root'@'localhost' (using password: YES) when trying to connect
Backup for container firefly_iii_db completed and stored in /media/hanisntsolo/WDBlue_ssd_hanis/docker/volumes/jupyter/notebooks/jupyter-lab/db_backup/firefly_iii_db_2024-09-19_00:00:01.sql.
mysqldump: [Warning] Using a password on the command line interface can be insecure.
Backup for container jupyter_db completed and stored in /media/hanisntsolo/WDBlue_ssd_hanis/docker/volumes/jupyter/notebooks/jupyter-lab/db_backup/jupyter_db_2024-09-19_00:00:01.sql.
Old backups older than 30 days have been deleted.
Backup script started at Thursday 19 September 2024 01:00:01 AM IST
mysqldump: [Warning] Using a password on the command line interface can be insecure.
mysqldump: Got error: 1045: Access denied for user 'root'@'localhost' (using password: YES) when trying to connect
Backup for container firefly_iii_db completed and stored in /media/hanisntsolo/WDBlue_ssd_hanis/docker/volumes/jupyter/notebooks/jupyter-lab/db_backup/firefly_iii_db_2024-09-19_01:00:01.sql.
mysqldump: [Warning] Using a password on the command line interface can be insecure.
Backup for container jupyter_db completed and stored in /media/hanisntsolo/WDBlue_ssd_hanis/docker/volumes/jupyter/notebooks/jupyter-lab/db_backup/jupyter_db_2024-09-19_01:00:01.sql.
Old backups older than 30 days have been deleted.
Backup script started at Thursday 19 September 2024 02:00:01 AM IST
mysqldump: [Warning] Using a password on the command line interface can be insecure.
mysqldump: Got error: 1045: Access denied for user 'root'@'localhost' (using password: YES) when trying to connect
Backup for container firefly_iii_db completed and stored in /media/hanisntsolo/WDBlue_ssd_hanis/docker/volumes/jupyter/notebooks/jupyter-lab/db_backup/firefly_iii_db_2024-09-19_02:00:01.sql.
mysqldump: [Warning] Using a password on the command line interface can be insecure.
Backup for container jupyter_db completed and stored in /media/hanisntsolo/WDBlue_ssd_hanis/docker/volumes/jupyter/notebooks/jupyter-lab/db_backup/jupyter_db_2024-09-19_02:00:01.sql.
Old backups older than 30 days have been deleted.
Backup script started at Thursday 19 September 2024 03:00:01 AM IST
mysqldump: [Warning] Using a password on the command line interface can be insecure.
mysqldump: Got error: 1045: Access denied for user 'root'@'localhost' (using password: YES) when trying to connect
Backup for container firefly_iii_db completed and stored in /media/hanisntsolo/WDBlue_ssd_hanis/docker/volumes/jupyter/notebooks/jupyter-lab/db_backup/firefly_iii_db_2024-09-19_03:00:01.sql.
mysqldump: [Warning] Using a password on the command line interface can be insecure.
Backup for container jupyter_db completed and stored in /media/hanisntsolo/WDBlue_ssd_hanis/docker/volumes/jupyter/notebooks/jupyter-lab/db_backup/jupyter_db_2024-09-19_03:00:01.sql.
Old backups older than 30 days have been deleted.
Backup script started at Thursday 19 September 2024 04:00:01 AM IST
mysqldump: [Warning] Using a password on the command line interface can be insecure.
mysqldump: Got error: 1045: Access denied for user 'root'@'localhost' (using password: YES) when trying to connect
Backup for container firefly_iii_db completed and stored in /media/hanisntsolo/WDBlue_ssd_hanis/docker/volumes/jupyter/notebooks/jupyter-lab/db_backup/firefly_iii_db_2024-09-19_04:00:01.sql.
mysqldump: [Warning] Using a password on the command line interface can be insecure.
Backup for container jupyter_db completed and stored in /media/hanisntsolo/WDBlue_ssd_hanis/docker/volumes/jupyter/notebooks/jupyter-lab/db_backup/jupyter_db_2024-09-19_04:00:01.sql.
Old backups older than 30 days have been deleted.
Backup script started at Thursday 19 September 2024 05:00:01 AM IST
mysqldump: [Warning] Using a password on the command line interface can be insecure.
mysqldump: Got error: 1045: Access denied for user 'root'@'localhost' (using password: YES) when trying to connect
Backup for container firefly_iii_db completed and stored in /media/hanisntsolo/WDBlue_ssd_hanis/docker/volumes/jupyter/notebooks/jupyter-lab/db_backup/firefly_iii_db_2024-09-19_05:00:01.sql.
mysqldump: [Warning] Using a password on the command line interface can be insecure.
Backup for container jupyter_db completed and stored in /media/hanisntsolo/WDBlue_ssd_hanis/docker/volumes/jupyter/notebooks/jupyter-lab/db_backup/jupyter_db_2024-09-19_05:00:01.sql.
Old backups older than 30 days have been deleted.
Backup script started at Thursday 19 September 2024 06:00:01 AM IST
mysqldump: [Warning] Using a password on the command line interface can be insecure.
mysqldump: Got error: 1045: Access denied for user 'root'@'localhost' (using password: YES) when trying to connect
Backup for container firefly_iii_db completed and stored in /media/hanisntsolo/WDBlue_ssd_hanis/docker/volumes/jupyter/notebooks/jupyter-lab/db_backup/firefly_iii_db_2024-09-19_06:00:01.sql.
mysqldump: [Warning] Using a password on the command line interface can be insecure.
Backup for container jupyter_db completed and stored in /media/hanisntsolo/WDBlue_ssd_hanis/docker/volumes/jupyter/notebooks/jupyter-lab/db_backup/jupyter_db_2024-09-19_06:00:02.sql.
Old backups older than 30 days have been deleted.
Backup script started at Thursday 19 September 2024 07:00:01 AM IST
mysqldump: [Warning] Using a password on the command line interface can be insecure.
mysqldump: Got error: 1045: Access denied for user 'root'@'localhost' (using password: YES) when trying to connect
Backup for container firefly_iii_db completed and stored in /media/hanisntsolo/WDBlue_ssd_hanis/docker/volumes/jupyter/notebooks/jupyter-lab/db_backup/firefly_iii_db_2024-09-19_07:00:01.sql.
mysqldump: [Warning] Using a password on the command line interface can be insecure.
mysqldump: Got error: 1053: Server shutdown in progress when using LOCK TABLES
Backup for container jupyter_db completed and stored in /media/hanisntsolo/WDBlue_ssd_hanis/docker/volumes/jupyter/notebooks/jupyter-lab/db_backup/jupyter_db_2024-09-19_07:00:01.sql.
Old backups older than 30 days have been deleted.
Backup script started at Thursday 19 September 2024 08:00:01 AM IST
mysqldump: [Warning] Using a password on the command line interface can be insecure.
mysqldump: Got error: 1045: Access denied for user 'root'@'localhost' (using password: YES) when trying to connect
Backup for container firefly_iii_db completed and stored in /media/hanisntsolo/WDBlue_ssd_hanis/docker/volumes/jupyter/notebooks/jupyter-lab/db_backup/firefly_iii_db_2024-09-19_08:00:01.sql.
mysqldump: [Warning] Using a password on the command line interface can be insecure.
Backup for container jupyter_db completed and stored in /media/hanisntsolo/WDBlue_ssd_hanis/docker/volumes/jupyter/notebooks/jupyter-lab/db_backup/jupyter_db_2024-09-19_08:00:01.sql.
Old backups older than 30 days have been deleted.
Backup script started at Thursday 19 September 2024 09:00:01 AM IST
mysqldump: [Warning] Using a password on the command line interface can be insecure.
mysqldump: Got error: 1045: Access denied for user 'root'@'localhost' (using password: YES) when trying to connect
Backup for container firefly_iii_db completed and stored in /media/hanisntsolo/WDBlue_ssd_hanis/docker/volumes/jupyter/notebooks/jupyter-lab/db_backup/firefly_iii_db_2024-09-19_09:00:01.sql.
mysqldump: [Warning] Using a password on the command line interface can be insecure.
Backup for container jupyter_db completed and stored in /media/hanisntsolo/WDBlue_ssd_hanis/docker/volumes/jupyter/notebooks/jupyter-lab/db_backup/jupyter_db_2024-09-19_09:00:01.sql.
Old backups older than 30 days have been deleted.
Backup script started at Thursday 19 September 2024 10:00:01 AM IST
mysqldump: [Warning] Using a password on the command line interface can be insecure.
mysqldump: Got error: 1045: Access denied for user 'root'@'localhost' (using password: YES) when trying to connect
Backup for container firefly_iii_db completed and stored in /media/hanisntsolo/WDBlue_ssd_hanis/docker/volumes/jupyter/notebooks/jupyter-lab/db_backup/firefly_iii_db_2024-09-19_10:00:01.sql.
mysqldump: [Warning] Using a password on the command line interface can be insecure.
Backup for container jupyter_db completed and stored in /media/hanisntsolo/WDBlue_ssd_hanis/docker/volumes/jupyter/notebooks/jupyter-lab/db_backup/jupyter_db_2024-09-19_10:00:01.sql.
Old backups older than 30 days have been deleted.
Backup script started at Thursday 19 September 2024 06:00:02 PM IST
mysqldump: [Warning] Using a password on the command line interface can be insecure.
mysqldump: Got error: 1045: Access denied for user 'root'@'localhost' (using password: YES) when trying to connect
Backup for container firefly_iii_db completed and stored in /media/hanisntsolo/WDBlue_ssd_hanis/docker/volumes/jupyter/notebooks/jupyter-lab/db_backup/firefly_iii_db_2024-09-19_18:00:02.sql.
mysqldump: [Warning] Using a password on the command line interface can be insecure.
Backup for container jupyter_db completed and stored in /media/hanisntsolo/WDBlue_ssd_hanis/docker/volumes/jupyter/notebooks/jupyter-lab/db_backup/jupyter_db_2024-09-19_18:00:02.sql.
Old backups older than 30 days have been deleted.
Backup script started at Thursday 19 September 2024 07:00:01 PM IST
mysqldump: [Warning] Using a password on the command line interface can be insecure.
mysqldump: Got error: 1045: Access denied for user 'root'@'localhost' (using password: YES) when trying to connect
Backup for container firefly_iii_db completed and stored in /media/hanisntsolo/WDBlue_ssd_hanis/docker/volumes/jupyter/notebooks/jupyter-lab/db_backup/firefly_iii_db_2024-09-19_19:00:01.sql.
mysqldump: [Warning] Using a password on the command line interface can be insecure.
Backup for container jupyter_db completed and stored in /media/hanisntsolo/WDBlue_ssd_hanis/docker/volumes/jupyter/notebooks/jupyter-lab/db_backup/jupyter_db_2024-09-19_19:00:01.sql.
Old backups older than 30 days have been deleted.
Backup script started at Thursday 19 September 2024 08:00:01 PM IST
mysqldump: [Warning] Using a password on the command line interface can be insecure.
mysqldump: Got error: 1045: Access denied for user 'root'@'localhost' (using password: YES) when trying to connect
Backup for container firefly_iii_db completed and stored in /media/hanisntsolo/WDBlue_ssd_hanis/docker/volumes/jupyter/notebooks/jupyter-lab/db_backup/firefly_iii_db_2024-09-19_20:00:01.sql.
mysqldump: [Warning] Using a password on the command line interface can be insecure.
Backup for container jupyter_db completed and stored in /media/hanisntsolo/WDBlue_ssd_hanis/docker/volumes/jupyter/notebooks/jupyter-lab/db_backup/jupyter_db_2024-09-19_20:00:01.sql.
Old backups older than 30 days have been deleted.
Backup script started at Thursday 19 September 2024 09:00:01 PM IST
mysqldump: [Warning] Using a password on the command line interface can be insecure.
mysqldump: Got error: 1045: Access denied for user 'root'@'localhost' (using password: YES) when trying to connect
Backup for container firefly_iii_db completed and stored in /media/hanisntsolo/WDBlue_ssd_hanis/docker/volumes/jupyter/notebooks/jupyter-lab/db_backup/firefly_iii_db_2024-09-19_21:00:01.sql.
mysqldump: [Warning] Using a password on the command line interface can be insecure.
Backup for container jupyter_db completed and stored in /media/hanisntsolo/WDBlue_ssd_hanis/docker/volumes/jupyter/notebooks/jupyter-lab/db_backup/jupyter_db_2024-09-19_21:00:01.sql.
Old backups older than 30 days have been deleted.
Backup script started at Thursday 19 September 2024 10:00:01 PM IST
mysqldump: [Warning] Using a password on the command line interface can be insecure.
mysqldump: Got error: 1045: Access denied for user 'root'@'localhost' (using password: YES) when trying to connect
Backup for container firefly_iii_db completed and stored in /media/hanisntsolo/WDBlue_ssd_hanis/docker/volumes/jupyter/notebooks/jupyter-lab/db_backup/firefly_iii_db_2024-09-19_22:00:02.sql.
mysqldump: [Warning] Using a password on the command line interface can be insecure.
Backup for container jupyter_db completed and stored in /media/hanisntsolo/WDBlue_ssd_hanis/docker/volumes/jupyter/notebooks/jupyter-lab/db_backup/jupyter_db_2024-09-19_22:00:02.sql.
Old backups older than 30 days have been deleted.
Backup script started at Thursday 19 September 2024 11:00:01 PM IST
mysqldump: [Warning] Using a password on the command line interface can be insecure.
mysqldump: Got error: 1045: Access denied for user 'root'@'localhost' (using password: YES) when trying to connect
Backup for container firefly_iii_db completed and stored in /media/hanisntsolo/WDBlue_ssd_hanis/docker/volumes/jupyter/notebooks/jupyter-lab/db_backup/firefly_iii_db_2024-09-19_23:00:01.sql.
mysqldump: [Warning] Using a password on the command line interface can be insecure.
Backup for container jupyter_db completed and stored in /media/hanisntsolo/WDBlue_ssd_hanis/docker/volumes/jupyter/notebooks/jupyter-lab/db_backup/jupyter_db_2024-09-19_23:00:01.sql.
Old backups older than 30 days have been deleted.
Backup script started at Friday 20 September 2024 12:00:01 AM IST
mysqldump: [Warning] Using a password on the command line interface can be insecure.
mysqldump: Got error: 1045: Access denied for user 'root'@'localhost' (using password: YES) when trying to connect
Backup for container firefly_iii_db completed and stored in /media/hanisntsolo/WDBlue_ssd_hanis/docker/volumes/jupyter/notebooks/jupyter-lab/db_backup/firefly_iii_db_2024-09-20_00:00:01.sql.
mysqldump: [Warning] Using a password on the command line interface can be insecure.
Backup for container jupyter_db completed and stored in /media/hanisntsolo/WDBlue_ssd_hanis/docker/volumes/jupyter/notebooks/jupyter-lab/db_backup/jupyter_db_2024-09-20_00:00:01.sql.
Old backups older than 30 days have been deleted.
Backup script started at Friday 20 September 2024 01:00:01 AM IST
mysqldump: [Warning] Using a password on the command line interface can be insecure.
mysqldump: Got error: 1045: Access denied for user 'root'@'localhost' (using password: YES) when trying to connect
Backup for container firefly_iii_db completed and stored in /media/hanisntsolo/WDBlue_ssd_hanis/docker/volumes/jupyter/notebooks/jupyter-lab/db_backup/firefly_iii_db_2024-09-20_01:00:01.sql.
mysqldump: [Warning] Using a password on the command line interface can be insecure.
Backup for container jupyter_db completed and stored in /media/hanisntsolo/WDBlue_ssd_hanis/docker/volumes/jupyter/notebooks/jupyter-lab/db_backup/jupyter_db_2024-09-20_01:00:01.sql.
Old backups older than 30 days have been deleted.
Backup script started at Friday 20 September 2024 02:00:01 AM IST
mysqldump: [Warning] Using a password on the command line interface can be insecure.
mysqldump: Got error: 1045: Access denied for user 'root'@'localhost' (using password: YES) when trying to connect
Backup for container firefly_iii_db completed and stored in /media/hanisntsolo/WDBlue_ssd_hanis/docker/volumes/jupyter/notebooks/jupyter-lab/db_backup/firefly_iii_db_2024-09-20_02:00:01.sql.
mysqldump: [Warning] Using a password on the command line interface can be insecure.
Backup for container jupyter_db completed and stored in /media/hanisntsolo/WDBlue_ssd_hanis/docker/volumes/jupyter/notebooks/jupyter-lab/db_backup/jupyter_db_2024-09-20_02:00:01.sql.
Old backups older than 30 days have been deleted.
Backup script started at Friday 20 September 2024 03:00:01 AM IST
mysqldump: [Warning] Using a password on the command line interface can be insecure.
mysqldump: Got error: 1045: Access denied for user 'root'@'localhost' (using password: YES) when trying to connect
Backup for container firefly_iii_db completed and stored in /media/hanisntsolo/WDBlue_ssd_hanis/docker/volumes/jupyter/notebooks/jupyter-lab/db_backup/firefly_iii_db_2024-09-20_03:00:01.sql.
mysqldump: [Warning] Using a password on the command line interface can be insecure.
Backup for container jupyter_db completed and stored in /media/hanisntsolo/WDBlue_ssd_hanis/docker/volumes/jupyter/notebooks/jupyter-lab/db_backup/jupyter_db_2024-09-20_03:00:01.sql.
Old backups older than 30 days have been deleted.
Backup script started at Friday 20 September 2024 04:00:01 AM IST
mysqldump: [Warning] Using a password on the command line interface can be insecure.
mysqldump: Got error: 1045: Access denied for user 'root'@'localhost' (using password: YES) when trying to connect
Backup for container firefly_iii_db completed and stored in /media/hanisntsolo/WDBlue_ssd_hanis/docker/volumes/jupyter/notebooks/jupyter-lab/db_backup/firefly_iii_db_2024-09-20_04:00:01.sql.
mysqldump: [Warning] Using a password on the command line interface can be insecure.
Backup for container jupyter_db completed and stored in /media/hanisntsolo/WDBlue_ssd_hanis/docker/volumes/jupyter/notebooks/jupyter-lab/db_backup/jupyter_db_2024-09-20_04:00:02.sql.
Old backups older than 30 days have been deleted.
Backup script started at Friday 20 September 2024 05:00:01 AM IST
mysqldump: [Warning] Using a password on the command line interface can be insecure.
mysqldump: Got error: 1045: Access denied for user 'root'@'localhost' (using password: YES) when trying to connect
Backup for container firefly_iii_db completed and stored in /media/hanisntsolo/WDBlue_ssd_hanis/docker/volumes/jupyter/notebooks/jupyter-lab/db_backup/firefly_iii_db_2024-09-20_05:00:01.sql.
mysqldump: [Warning] Using a password on the command line interface can be insecure.
Backup for container jupyter_db completed and stored in /media/hanisntsolo/WDBlue_ssd_hanis/docker/volumes/jupyter/notebooks/jupyter-lab/db_backup/jupyter_db_2024-09-20_05:00:01.sql.
Old backups older than 30 days have been deleted.
Backup script started at Friday 20 September 2024 06:00:01 AM IST
mysqldump: [Warning] Using a password on the command line interface can be insecure.
mysqldump: Got error: 1045: Access denied for user 'root'@'localhost' (using password: YES) when trying to connect
Backup for container firefly_iii_db completed and stored in /media/hanisntsolo/WDBlue_ssd_hanis/docker/volumes/jupyter/notebooks/jupyter-lab/db_backup/firefly_iii_db_2024-09-20_06:00:01.sql.
mysqldump: [Warning] Using a password on the command line interface can be insecure.
Backup for container jupyter_db completed and stored in /media/hanisntsolo/WDBlue_ssd_hanis/docker/volumes/jupyter/notebooks/jupyter-lab/db_backup/jupyter_db_2024-09-20_06:00:01.sql.
Old backups older than 30 days have been deleted.
Backup script started at Friday 20 September 2024 07:00:01 AM IST
mysqldump: [Warning] Using a password on the command line interface can be insecure.
mysqldump: Got error: 1045: Access denied for user 'root'@'localhost' (using password: YES) when trying to connect
Backup for container firefly_iii_db completed and stored in /media/hanisntsolo/WDBlue_ssd_hanis/docker/volumes/jupyter/notebooks/jupyter-lab/db_backup/firefly_iii_db_2024-09-20_07:00:01.sql.
mysqldump: [Warning] Using a password on the command line interface can be insecure.
Backup for container jupyter_db completed and stored in /media/hanisntsolo/WDBlue_ssd_hanis/docker/volumes/jupyter/notebooks/jupyter-lab/db_backup/jupyter_db_2024-09-20_07:00:01.sql.
Old backups older than 30 days have been deleted.
Backup script started at Friday 20 September 2024 08:00:01 AM IST
mysqldump: [Warning] Using a password on the command line interface can be insecure.
mysqldump: Got error: 1045: Access denied for user 'root'@'localhost' (using password: YES) when trying to connect
Backup for container firefly_iii_db completed and stored in /media/hanisntsolo/WDBlue_ssd_hanis/docker/volumes/jupyter/notebooks/jupyter-lab/db_backup/firefly_iii_db_2024-09-20_08:00:01.sql.
mysqldump: [Warning] Using a password on the command line interface can be insecure.
Backup for container jupyter_db completed and stored in /media/hanisntsolo/WDBlue_ssd_hanis/docker/volumes/jupyter/notebooks/jupyter-lab/db_backup/jupyter_db_2024-09-20_08:00:01.sql.
Old backups older than 30 days have been deleted.
Backup script started at Friday 20 September 2024 09:00:01 AM IST
mysqldump: [Warning] Using a password on the command line interface can be insecure.
mysqldump: Got error: 1045: Access denied for user 'root'@'localhost' (using password: YES) when trying to connect
Backup for container firefly_iii_db completed and stored in /media/hanisntsolo/WDBlue_ssd_hanis/docker/volumes/jupyter/notebooks/jupyter-lab/db_backup/firefly_iii_db_2024-09-20_09:00:01.sql.
mysqldump: [Warning] Using a password on the command line interface can be insecure.
Backup for container jupyter_db completed and stored in /media/hanisntsolo/WDBlue_ssd_hanis/docker/volumes/jupyter/notebooks/jupyter-lab/db_backup/jupyter_db_2024-09-20_09:00:01.sql.
Old backups older than 30 days have been deleted.
Backup script started at Friday 20 September 2024 10:00:01 AM IST
mysqldump: [Warning] Using a password on the command line interface can be insecure.
mysqldump: Got error: 1045: Access denied for user 'root'@'localhost' (using password: YES) when trying to connect
Backup for container firefly_iii_db completed and stored in /media/hanisntsolo/WDBlue_ssd_hanis/docker/volumes/jupyter/notebooks/jupyter-lab/db_backup/firefly_iii_db_2024-09-20_10:00:01.sql.
mysqldump: [Warning] Using a password on the command line interface can be insecure.
Backup for container jupyter_db completed and stored in /media/hanisntsolo/WDBlue_ssd_hanis/docker/volumes/jupyter/notebooks/jupyter-lab/db_backup/jupyter_db_2024-09-20_10:00:01.sql.
Old backups older than 30 days have been deleted.
Backup script started at Friday 20 September 2024 07:00:02 PM IST
mysqldump: [Warning] Using a password on the command line interface can be insecure.
mysqldump: Got error: 1045: Access denied for user 'root'@'localhost' (using password: YES) when trying to connect
Backup for container firefly_iii_db completed and stored in /media/hanisntsolo/WDBlue_ssd_hanis/docker/volumes/jupyter/notebooks/jupyter-lab/db_backup/firefly_iii_db_2024-09-20_19:00:02.sql.
mysqldump: [Warning] Using a password on the command line interface can be insecure.
Backup for container jupyter_db completed and stored in /media/hanisntsolo/WDBlue_ssd_hanis/docker/volumes/jupyter/notebooks/jupyter-lab/db_backup/jupyter_db_2024-09-20_19:00:02.sql.
Old backups older than 30 days have been deleted.
Backup script started at Friday 20 September 2024 08:00:01 PM IST
mysqldump: [Warning] Using a password on the command line interface can be insecure.
mysqldump: Got error: 1045: Access denied for user 'root'@'localhost' (using password: YES) when trying to connect
Backup for container firefly_iii_db completed and stored in /media/hanisntsolo/WDBlue_ssd_hanis/docker/volumes/jupyter/notebooks/jupyter-lab/db_backup/firefly_iii_db_2024-09-20_20:00:01.sql.
mysqldump: [Warning] Using a password on the command line interface can be insecure.
Backup for container jupyter_db completed and stored in /media/hanisntsolo/WDBlue_ssd_hanis/docker/volumes/jupyter/notebooks/jupyter-lab/db_backup/jupyter_db_2024-09-20_20:00:02.sql.
Old backups older than 30 days have been deleted.
Backup script started at Friday 20 September 2024 09:00:01 PM IST
mysqldump: [Warning] Using a password on the command line interface can be insecure.
mysqldump: Got error: 1045: Access denied for user 'root'@'localhost' (using password: YES) when trying to connect
Backup for container firefly_iii_db completed and stored in /media/hanisntsolo/WDBlue_ssd_hanis/docker/volumes/jupyter/notebooks/jupyter-lab/db_backup/firefly_iii_db_2024-09-20_21:00:01.sql.
mysqldump: [Warning] Using a password on the command line interface can be insecure.
Backup for container jupyter_db completed and stored in /media/hanisntsolo/WDBlue_ssd_hanis/docker/volumes/jupyter/notebooks/jupyter-lab/db_backup/jupyter_db_2024-09-20_21:00:02.sql.
Old backups older than 30 days have been deleted.
Backup script started at Friday 20 September 2024 10:00:01 PM IST
mysqldump: [Warning] Using a password on the command line interface can be insecure.
mysqldump: Got error: 1045: Access denied for user 'root'@'localhost' (using password: YES) when trying to connect
Backup for container firefly_iii_db completed and stored in /media/hanisntsolo/WDBlue_ssd_hanis/docker/volumes/jupyter/notebooks/jupyter-lab/db_backup/firefly_iii_db_2024-09-20_22:00:01.sql.
mysqldump: [Warning] Using a password on the command line interface can be insecure.
Backup for container jupyter_db completed and stored in /media/hanisntsolo/WDBlue_ssd_hanis/docker/volumes/jupyter/notebooks/jupyter-lab/db_backup/jupyter_db_2024-09-20_22:00:02.sql.
Old backups older than 30 days have been deleted.
Backup script started at Friday 20 September 2024 11:00:01 PM IST
mysqldump: [Warning] Using a password on the command line interface can be insecure.
mysqldump: Got error: 1045: Access denied for user 'root'@'localhost' (using password: YES) when trying to connect
Backup for container firefly_iii_db completed and stored in /media/hanisntsolo/WDBlue_ssd_hanis/docker/volumes/jupyter/notebooks/jupyter-lab/db_backup/firefly_iii_db_2024-09-20_23:00:01.sql.
mysqldump: [Warning] Using a password on the command line interface can be insecure.
Backup for container jupyter_db completed and stored in /media/hanisntsolo/WDBlue_ssd_hanis/docker/volumes/jupyter/notebooks/jupyter-lab/db_backup/jupyter_db_2024-09-20_23:00:01.sql.
Old backups older than 30 days have been deleted.
Backup script started at Saturday 21 September 2024 12:00:01 AM IST
mysqldump: [Warning] Using a password on the command line interface can be insecure.
mysqldump: Got error: 1045: Access denied for user 'root'@'localhost' (using password: YES) when trying to connect
Backup for container firefly_iii_db completed and stored in /media/hanisntsolo/WDBlue_ssd_hanis/docker/volumes/jupyter/notebooks/jupyter-lab/db_backup/firefly_iii_db_2024-09-21_00:00:03.sql.
mysqldump: [Warning] Using a password on the command line interface can be insecure.
Backup for container jupyter_db completed and stored in /media/hanisntsolo/WDBlue_ssd_hanis/docker/volumes/jupyter/notebooks/jupyter-lab/db_backup/jupyter_db_2024-09-21_00:00:03.sql.
Old backups older than 30 days have been deleted.
Backup script started at Saturday 21 September 2024 01:00:01 AM IST
mysqldump: [Warning] Using a password on the command line interface can be insecure.
mysqldump: Got error: 1045: Access denied for user 'root'@'localhost' (using password: YES) when trying to connect
Backup for container firefly_iii_db completed and stored in /media/hanisntsolo/WDBlue_ssd_hanis/docker/volumes/jupyter/notebooks/jupyter-lab/db_backup/firefly_iii_db_2024-09-21_01:00:01.sql.
mysqldump: [Warning] Using a password on the command line interface can be insecure.
Backup for container jupyter_db completed and stored in /media/hanisntsolo/WDBlue_ssd_hanis/docker/volumes/jupyter/notebooks/jupyter-lab/db_backup/jupyter_db_2024-09-21_01:00:01.sql.
Old backups older than 30 days have been deleted.
Backup script started at Saturday 21 September 2024 02:00:01 AM IST
mysqldump: [Warning] Using a password on the command line interface can be insecure.
mysqldump: Got error: 1045: Access denied for user 'root'@'localhost' (using password: YES) when trying to connect
Backup for container firefly_iii_db completed and stored in /media/hanisntsolo/WDBlue_ssd_hanis/docker/volumes/jupyter/notebooks/jupyter-lab/db_backup/firefly_iii_db_2024-09-21_02:00:01.sql.
mysqldump: [Warning] Using a password on the command line interface can be insecure.
Backup for container jupyter_db completed and stored in /media/hanisntsolo/WDBlue_ssd_hanis/docker/volumes/jupyter/notebooks/jupyter-lab/db_backup/jupyter_db_2024-09-21_02:00:01.sql.
Old backups older than 30 days have been deleted.
Backup script started at Saturday 21 September 2024 03:00:01 AM IST
mysqldump: [Warning] Using a password on the command line interface can be insecure.
mysqldump: Got error: 1045: Access denied for user 'root'@'localhost' (using password: YES) when trying to connect
Backup for container firefly_iii_db completed and stored in /media/hanisntsolo/WDBlue_ssd_hanis/docker/volumes/jupyter/notebooks/jupyter-lab/db_backup/firefly_iii_db_2024-09-21_03:00:01.sql.
mysqldump: [Warning] Using a password on the command line interface can be insecure.
Backup for container jupyter_db completed and stored in /media/hanisntsolo/WDBlue_ssd_hanis/docker/volumes/jupyter/notebooks/jupyter-lab/db_backup/jupyter_db_2024-09-21_03:00:01.sql.
Old backups older than 30 days have been deleted.
Backup script started at Saturday 21 September 2024 04:00:01 AM IST
mysqldump: [Warning] Using a password on the command line interface can be insecure.
mysqldump: Got error: 1045: Access denied for user 'root'@'localhost' (using password: YES) when trying to connect
Backup for container firefly_iii_db completed and stored in /media/hanisntsolo/WDBlue_ssd_hanis/docker/volumes/jupyter/notebooks/jupyter-lab/db_backup/firefly_iii_db_2024-09-21_04:00:01.sql.
mysqldump: [Warning] Using a password on the command line interface can be insecure.
Backup for container jupyter_db completed and stored in /media/hanisntsolo/WDBlue_ssd_hanis/docker/volumes/jupyter/notebooks/jupyter-lab/db_backup/jupyter_db_2024-09-21_04:00:01.sql.
Old backups older than 30 days have been deleted.
Backup script started at Saturday 21 September 2024 05:00:01 AM IST
mysqldump: [Warning] Using a password on the command line interface can be insecure.
mysqldump: Got error: 1045: Access denied for user 'root'@'localhost' (using password: YES) when trying to connect
Backup for container firefly_iii_db completed and stored in /media/hanisntsolo/WDBlue_ssd_hanis/docker/volumes/jupyter/notebooks/jupyter-lab/db_backup/firefly_iii_db_2024-09-21_05:00:01.sql.
mysqldump: [Warning] Using a password on the command line interface can be insecure.
Backup for container jupyter_db completed and stored in /media/hanisntsolo/WDBlue_ssd_hanis/docker/volumes/jupyter/notebooks/jupyter-lab/db_backup/jupyter_db_2024-09-21_05:00:01.sql.
Old backups older than 30 days have been deleted.
Backup script started at Saturday 21 September 2024 06:00:01 AM IST
mysqldump: [Warning] Using a password on the command line interface can be insecure.
mysqldump: Got error: 1045: Access denied for user 'root'@'localhost' (using password: YES) when trying to connect
Backup for container firefly_iii_db completed and stored in /media/hanisntsolo/WDBlue_ssd_hanis/docker/volumes/jupyter/notebooks/jupyter-lab/db_backup/firefly_iii_db_2024-09-21_06:00:01.sql.
mysqldump: [Warning] Using a password on the command line interface can be insecure.
Backup for container jupyter_db completed and stored in /media/hanisntsolo/WDBlue_ssd_hanis/docker/volumes/jupyter/notebooks/jupyter-lab/db_backup/jupyter_db_2024-09-21_06:00:01.sql.
Old backups older than 30 days have been deleted.
Backup script started at Saturday 21 September 2024 07:00:01 AM IST
mysqldump: [Warning] Using a password on the command line interface can be insecure.
mysqldump: Got error: 1045: Access denied for user 'root'@'localhost' (using password: YES) when trying to connect
Backup for container firefly_iii_db completed and stored in /media/hanisntsolo/WDBlue_ssd_hanis/docker/volumes/jupyter/notebooks/jupyter-lab/db_backup/firefly_iii_db_2024-09-21_07:00:01.sql.
mysqldump: [Warning] Using a password on the command line interface can be insecure.
mysqldump: Couldn't execute 'SELECT COLUMN_NAME,                       JSON_EXTRACT(HISTOGRAM, '$."number-of-buckets-specified"')                FROM information_schema.COLUMN_STATISTICS                WHERE SCHEMA_NAME = 'mysql' AND TABLE_NAME = 'component';': Server shutdown in progress (1053)
Backup for container jupyter_db completed and stored in /media/hanisntsolo/WDBlue_ssd_hanis/docker/volumes/jupyter/notebooks/jupyter-lab/db_backup/jupyter_db_2024-09-21_07:00:01.sql.
Old backups older than 30 days have been deleted.
Backup script started at Saturday 21 September 2024 08:00:01 AM IST
mysqldump: [Warning] Using a password on the command line interface can be insecure.
mysqldump: Got error: 1045: Access denied for user 'root'@'localhost' (using password: YES) when trying to connect
Backup for container firefly_iii_db completed and stored in /media/hanisntsolo/WDBlue_ssd_hanis/docker/volumes/jupyter/notebooks/jupyter-lab/db_backup/firefly_iii_db_2024-09-21_08:00:02.sql.
mysqldump: [Warning] Using a password on the command line interface can be insecure.
Backup for container jupyter_db completed and stored in /media/hanisntsolo/WDBlue_ssd_hanis/docker/volumes/jupyter/notebooks/jupyter-lab/db_backup/jupyter_db_2024-09-21_08:00:02.sql.
Old backups older than 30 days have been deleted.
Backup script started at Saturday 21 September 2024 09:00:01 AM IST
mysqldump: [Warning] Using a password on the command line interface can be insecure.
mysqldump: Got error: 1045: Access denied for user 'root'@'localhost' (using password: YES) when trying to connect
Backup for container firefly_iii_db completed and stored in /media/hanisntsolo/WDBlue_ssd_hanis/docker/volumes/jupyter/notebooks/jupyter-lab/db_backup/firefly_iii_db_2024-09-21_09:00:01.sql.
mysqldump: [Warning] Using a password on the command line interface can be insecure.
Backup for container jupyter_db completed and stored in /media/hanisntsolo/WDBlue_ssd_hanis/docker/volumes/jupyter/notebooks/jupyter-lab/db_backup/jupyter_db_2024-09-21_09:00:01.sql.
Old backups older than 30 days have been deleted.
Backup script started at Saturday 21 September 2024 10:00:01 AM IST
mysqldump: [Warning] Using a password on the command line interface can be insecure.
mysqldump: Got error: 1045: Access denied for user 'root'@'localhost' (using password: YES) when trying to connect
Backup for container firefly_iii_db completed and stored in /media/hanisntsolo/WDBlue_ssd_hanis/docker/volumes/jupyter/notebooks/jupyter-lab/db_backup/firefly_iii_db_2024-09-21_10:00:01.sql.
mysqldump: [Warning] Using a password on the command line interface can be insecure.
Backup for container jupyter_db completed and stored in /media/hanisntsolo/WDBlue_ssd_hanis/docker/volumes/jupyter/notebooks/jupyter-lab/db_backup/jupyter_db_2024-09-21_10:00:02.sql.
Old backups older than 30 days have been deleted.
Backup script started at Saturday 21 September 2024 11:00:01 AM IST
mysqldump: [Warning] Using a password on the command line interface can be insecure.
mysqldump: Got error: 1045: Access denied for user 'root'@'localhost' (using password: YES) when trying to connect
Backup for container firefly_iii_db completed and stored in /media/hanisntsolo/WDBlue_ssd_hanis/docker/volumes/jupyter/notebooks/jupyter-lab/db_backup/firefly_iii_db_2024-09-21_11:00:01.sql.
mysqldump: [Warning] Using a password on the command line interface can be insecure.
Backup for container jupyter_db completed and stored in /media/hanisntsolo/WDBlue_ssd_hanis/docker/volumes/jupyter/notebooks/jupyter-lab/db_backup/jupyter_db_2024-09-21_11:00:01.sql.
Old backups older than 30 days have been deleted.
Backup script started at Saturday 21 September 2024 12:00:01 PM IST
mysqldump: [Warning] Using a password on the command line interface can be insecure.
mysqldump: Got error: 1045: Access denied for user 'root'@'localhost' (using password: YES) when trying to connect
Backup for container firefly_iii_db completed and stored in /media/hanisntsolo/WDBlue_ssd_hanis/docker/volumes/jupyter/notebooks/jupyter-lab/db_backup/firefly_iii_db_2024-09-21_12:00:01.sql.
mysqldump: [Warning] Using a password on the command line interface can be insecure.
Backup for container jupyter_db completed and stored in /media/hanisntsolo/WDBlue_ssd_hanis/docker/volumes/jupyter/notebooks/jupyter-lab/db_backup/jupyter_db_2024-09-21_12:00:01.sql.
Old backups older than 30 days have been deleted.
